<?xml version="1.0" encoding="UTF-8" ?>
<testsuite tests="13" failures="1" name="TestSuite" time="56.84" errors="0" skipped="0">
  <properties>
[...]
</properties>
  <testcase classname="com.crm.qa.testcases.ContactsPageTest" name="validateContactsLabelTest" time="0.141"/>
  <testcase classname="com.crm.qa.testcases.HomePageTest" name="validateHomePageTitleTest" time="0.022"/>
  <testcase classname="com.crm.qa.testcases.LoginPageTest" name="loginPageTitleTest" time="0.056">
    <failure message="expected [#1 Free CRM software in the cloud powers sales and customer service] but found [#1 Free CRM software in the cloud for sales and service]" type="java.lang.AssertionError">java.lang.AssertionError: expected [#1 Free CRM software in the cloud powers sales and customer service] but found [#1 Free CRM software in the cloud for sales and service]
	at org.testng.Assert.fail(Assert.java:93)
	at org.testng.Assert.failNotEquals(Assert.java:512)
	at org.testng.Assert.assertEqualsImpl(Assert.java:134)
	at org.testng.Assert.assertEquals(Assert.java:115)
	at org.testng.Assert.assertEquals(Assert.java:189)
	at org.testng.Assert.assertEquals(Assert.java:199)
	at com.crm.qa.testcases.LoginPageTest.loginPageTitleTest(LoginPageTest.java:34)
</failure>
    <system-out>08-01-2018 12:30:49 TestBase.java INFO  [main] base.TestBase 49 - *************************start of the suite************************
Before navigating to: &apos;https://www.freecrm.com&apos;
Navigated to:&apos;https://www.freecrm.com&apos;
</system-out>
    <system-err>Starting ChromeDriver 2.40.565498 (ea082db3280dd6843ebfb08a625e3eb905c4f5ab) on port 27928
Only local connections are allowed.
Aug 01, 2018 12:30:52 PM org.openqa.selenium.remote.ProtocolHandshake createSession
INFO: Detected dialect: OSS
</system-err>
  </testcase>
  <testcase classname="com.crm.qa.testcases.ContactsPageTest" name="selectMultipleContactsTest" time="0.57"/>
  <testcase classname="com.crm.qa.testcases.ContactsPageTest" name="selectSingleContactsTest" time="0.283"/>
  <testcase classname="com.crm.qa.testcases.HomePageTest" name="validateUserDisplayTest" time="0.17"/>
  <testcase classname="com.crm.qa.testcases.LoginPageTest" name="crmLogoTest" time="0.217"/>
  <testcase classname="com.crm.qa.testcases.ContactsPageTest" name="validateCreateNewContact" time="11.744"/>
  <testcase classname="com.crm.qa.testcases.ContactsPageTest" name="validateCreateNewContact" time="11.978"/>
  <testcase classname="com.crm.qa.testcases.ContactsPageTest" name="validateCreateNewContact" time="9.225"/>
  <testcase classname="com.crm.qa.testcases.HomePageTest" name="clickContactsLinkTest" time="3.301"/>
  <testcase classname="com.crm.qa.testcases.LoginPageTest" name="loginTest" time="15.438"/>
  <testcase classname="com.crm.qa.testcases.HomePageTest" name="clickDealsLinkTest" time="3.695"/>
</testsuite>